This is pdfTeX, Version 3.14159265-2.6-1.40.21 (MiKTeX 20.7) (preloaded format=pdflatex 2020.10.1)  16 NOV 2021 09:19
entering extended mode
**./KO_atelier_visu.tex
(KO_atelier_visu.tex
LaTeX2e <2020-02-02> patch level 5
L3 programming layer <2020-09-03>
("C:\Users\nicolas.bourgeois\AppData\Local\Programs\MiKTeX 2.9\tex/latex/beamer
\beamer.cls"
Document Class: beamer 2020/07/22 v3.59 A class for typesetting presentations

("C:\Users\nicolas.bourgeois\AppData\Local\Programs\MiKTeX 2.9\tex/latex/beamer
\beamerbasemodes.sty"
("C:\Users\nicolas.bourgeois\AppData\Local\Programs\MiKTeX 2.9\tex/latex/etoolb
ox\etoolbox.sty"
Package: etoolbox 2020/08/24 v2.5j e-TeX tools for LaTeX (JAW)
\etb@tempcnta=\count168
)
\beamer@tempbox=\box45
\beamer@tempcount=\count169
\c@beamerpauses=\count170

("C:\Users\nicolas.bourgeois\AppData\Local\Programs\MiKTeX 2.9\tex/latex/beamer
\beamerbasedecode.sty"
\beamer@slideinframe=\count171
\beamer@minimum=\count172
\beamer@decode@box=\box46
)
\beamer@commentbox=\box47
\beamer@modecount=\count173
)
("C:\Users\nicolas.bourgeois\AppData\Local\Programs\MiKTeX 2.9\tex/generic/ifte
x\ifpdf.sty"
Package: ifpdf 2019/10/25 v3.4 ifpdf legacy package. Use iftex instead.

("C:\Users\nicolas.bourgeois\AppData\Local\Programs\MiKTeX 2.9\tex/generic/ifte
x\iftex.sty"
Package: iftex 2020/03/06 v1.0d TeX engine tests
))
\headdp=\dimen134
\footheight=\dimen135
\sidebarheight=\dimen136
\beamer@tempdim=\dimen137
\beamer@finalheight=\dimen138
\beamer@animht=\dimen139
\beamer@animdp=\dimen140
\beamer@animwd=\dimen141
\beamer@leftmargin=\dimen142
\beamer@rightmargin=\dimen143
\beamer@leftsidebar=\dimen144
\beamer@rightsidebar=\dimen145
\beamer@boxsize=\dimen146
\beamer@vboxoffset=\dimen147
\beamer@descdefault=\dimen148
\beamer@descriptionwidth=\dimen149
\beamer@lastskip=\skip47
\beamer@areabox=\box48
\beamer@animcurrent=\box49
\beamer@animshowbox=\box50
\beamer@sectionbox=\box51
\beamer@logobox=\box52
\beamer@linebox=\box53
\beamer@sectioncount=\count174
\beamer@subsubsectionmax=\count175
\beamer@subsectionmax=\count176
\beamer@sectionmax=\count177
\beamer@totalheads=\count178
\beamer@headcounter=\count179
\beamer@partstartpage=\count180
\beamer@sectionstartpage=\count181
\beamer@subsectionstartpage=\count182
\beamer@animationtempa=\count183
\beamer@animationtempb=\count184
\beamer@xpos=\count185
\beamer@ypos=\count186
\beamer@ypos@offset=\count187
\beamer@showpartnumber=\count188
\beamer@currentsubsection=\count189
\beamer@coveringdepth=\count190
\beamer@sectionadjust=\count191
\beamer@tocsectionnumber=\count192

("C:\Users\nicolas.bourgeois\AppData\Local\Programs\MiKTeX 2.9\tex/latex/beamer
\beamerbaseoptions.sty"
("C:\Users\nicolas.bourgeois\AppData\Local\Programs\MiKTeX 2.9\tex/latex/graphi
cs\keyval.sty"
Package: keyval 2014/10/28 v1.15 key=value parser (DPC)
\KV@toks@=\toks15
))
\beamer@paperwidth=\skip48
\beamer@paperheight=\skip49

("C:\Users\nicolas.bourgeois\AppData\Local\Programs\MiKTeX 2.9\tex/latex/geomet
ry\geometry.sty"
Package: geometry 2020/01/02 v5.9 Page Geometry

("C:\Users\nicolas.bourgeois\AppData\Local\Programs\MiKTeX 2.9\tex/generic/ifte
x\ifvtex.sty"
Package: ifvtex 2019/10/25 v1.7 ifvtex legacy package. Use iftex instead.
)
\Gm@cnth=\count193
\Gm@cntv=\count194
\c@Gm@tempcnt=\count195
\Gm@bindingoffset=\dimen150
\Gm@wd@mp=\dimen151
\Gm@odd@mp=\dimen152
\Gm@even@mp=\dimen153
\Gm@layoutwidth=\dimen154
\Gm@layoutheight=\dimen155
\Gm@layouthoffset=\dimen156
\Gm@layoutvoffset=\dimen157
\Gm@dimlist=\toks16

("C:\Users\nicolas.bourgeois\AppData\Local\Programs\MiKTeX 2.9\tex/latex/geomet
ry\geometry.cfg"))
("C:\Users\nicolas.bourgeois\AppData\Local\Programs\MiKTeX 2.9\tex/latex/base\s
ize11.clo"
File: size11.clo 2019/12/20 v1.4l Standard LaTeX file (size option)
)
("C:\Users\nicolas.bourgeois\AppData\Local\Programs\MiKTeX 2.9\tex/latex/pgf/ba
siclayer\pgfcore.sty"
("C:\Users\nicolas.bourgeois\AppData\Local\Programs\MiKTeX 2.9\tex/latex/graphi
cs\graphicx.sty"
Package: graphicx 2019/11/30 v1.2a Enhanced LaTeX Graphics (DPC,SPQR)

("C:\Users\nicolas.bourgeois\AppData\Local\Programs\MiKTeX 2.9\tex/latex/graphi
cs\graphics.sty"
Package: graphics 2019/11/30 v1.4a Standard LaTeX Graphics (DPC,SPQR)

("C:\Users\nicolas.bourgeois\AppData\Local\Programs\MiKTeX 2.9\tex/latex/graphi
cs\trig.sty"
Package: trig 2016/01/03 v1.10 sin cos tan (DPC)
)
("C:\Users\nicolas.bourgeois\AppData\Local\Programs\MiKTeX 2.9\tex/latex/graphi
cs-cfg\graphics.cfg"
File: graphics.cfg 2016/06/04 v1.11 sample graphics configuration
)
Package graphics Info: Driver file: pdftex.def on input line 105.

("C:\Users\nicolas.bourgeois\AppData\Local\Programs\MiKTeX 2.9\tex/latex/graphi
cs-def\pdftex.def"
File: pdftex.def 2020/08/26 v1.2 Graphics/color driver for pdftex
))
\Gin@req@height=\dimen158
\Gin@req@width=\dimen159
)
("C:\Users\nicolas.bourgeois\AppData\Local\Programs\MiKTeX 2.9\tex/latex/pgf/sy
stemlayer\pgfsys.sty"
("C:\Users\nicolas.bourgeois\AppData\Local\Programs\MiKTeX 2.9\tex/latex/pgf/ut
ilities\pgfrcs.sty"
("C:\Users\nicolas.bourgeois\AppData\Local\Programs\MiKTeX 2.9\tex/generic/pgf/
utilities\pgfutil-common.tex"
\pgfutil@everybye=\toks17
\pgfutil@tempdima=\dimen160
\pgfutil@tempdimb=\dimen161

("C:\Users\nicolas.bourgeois\AppData\Local\Programs\MiKTeX 2.9\tex/generic/pgf/
utilities\pgfutil-common-lists.tex"))
("C:\Users\nicolas.bourgeois\AppData\Local\Programs\MiKTeX 2.9\tex/generic/pgf/
utilities\pgfutil-latex.def"
\pgfutil@abb=\box54

("C:\Users\nicolas.bourgeois\AppData\Local\Programs\MiKTeX 2.9\tex/latex/ms\eve
ryshi.sty"
Package: everyshi 2001/05/15 v3.00 EveryShipout Package (MS)
))
("C:\Users\nicolas.bourgeois\AppData\Local\Programs\MiKTeX 2.9\tex/generic/pgf/
utilities\pgfrcs.code.tex"
("C:\Users\nicolas.bourgeois\AppData\Local\Programs\MiKTeX 2.9\tex/generic/pgf\
pgf.revision.tex")
Package: pgfrcs 2020/01/08 v3.1.5b (3.1.5b)
))
("C:\Users\nicolas.bourgeois\AppData\Local\Programs\MiKTeX 2.9\tex/generic/pgf/
systemlayer\pgfsys.code.tex"
Package: pgfsys 2020/01/08 v3.1.5b (3.1.5b)

("C:\Users\nicolas.bourgeois\AppData\Local\Programs\MiKTeX 2.9\tex/generic/pgf/
utilities\pgfkeys.code.tex"
\pgfkeys@pathtoks=\toks18
\pgfkeys@temptoks=\toks19

("C:\Users\nicolas.bourgeois\AppData\Local\Programs\MiKTeX 2.9\tex/generic/pgf/
utilities\pgfkeysfiltered.code.tex"
\pgfkeys@tmptoks=\toks20
))
\pgf@x=\dimen162
\pgf@y=\dimen163
\pgf@xa=\dimen164
\pgf@ya=\dimen165
\pgf@xb=\dimen166
\pgf@yb=\dimen167
\pgf@xc=\dimen168
\pgf@yc=\dimen169
\pgf@xd=\dimen170
\pgf@yd=\dimen171
\w@pgf@writea=\write3
\r@pgf@reada=\read2
\c@pgf@counta=\count196
\c@pgf@countb=\count197
\c@pgf@countc=\count198
\c@pgf@countd=\count199
\t@pgf@toka=\toks21
\t@pgf@tokb=\toks22
\t@pgf@tokc=\toks23
\pgf@sys@id@count=\count266

("C:\Users\nicolas.bourgeois\AppData\Local\Programs\MiKTeX 2.9\tex/generic/pgf/
systemlayer\pgf.cfg"
File: pgf.cfg 2020/01/08 v3.1.5b (3.1.5b)
)
Driver file for pgf: pgfsys-pdftex.def

("C:\Users\nicolas.bourgeois\AppData\Local\Programs\MiKTeX 2.9\tex/generic/pgf/
systemlayer\pgfsys-pdftex.def"
File: pgfsys-pdftex.def 2020/01/08 v3.1.5b (3.1.5b)

("C:\Users\nicolas.bourgeois\AppData\Local\Programs\MiKTeX 2.9\tex/generic/pgf/
systemlayer\pgfsys-common-pdf.def"
File: pgfsys-common-pdf.def 2020/01/08 v3.1.5b (3.1.5b)
)))
("C:\Users\nicolas.bourgeois\AppData\Local\Programs\MiKTeX 2.9\tex/generic/pgf/
systemlayer\pgfsyssoftpath.code.tex"
File: pgfsyssoftpath.code.tex 2020/01/08 v3.1.5b (3.1.5b)
\pgfsyssoftpath@smallbuffer@items=\count267
\pgfsyssoftpath@bigbuffer@items=\count268
)
("C:\Users\nicolas.bourgeois\AppData\Local\Programs\MiKTeX 2.9\tex/generic/pgf/
systemlayer\pgfsysprotocol.code.tex"
File: pgfsysprotocol.code.tex 2020/01/08 v3.1.5b (3.1.5b)
))
("C:\Users\nicolas.bourgeois\AppData\Local\Programs\MiKTeX 2.9\tex/latex/xcolor
\xcolor.sty"
Package: xcolor 2016/05/11 v2.12 LaTeX color extensions (UK)

("C:\Users\nicolas.bourgeois\AppData\Local\Programs\MiKTeX 2.9\tex/latex/graphi
cs-cfg\color.cfg"
File: color.cfg 2016/01/02 v1.6 sample color configuration
)
Package xcolor Info: Driver file: pdftex.def on input line 225.
Package xcolor Info: Model `cmy' substituted by `cmy0' on input line 1348.
Package xcolor Info: Model `hsb' substituted by `rgb' on input line 1352.
Package xcolor Info: Model `RGB' extended on input line 1364.
Package xcolor Info: Model `HTML' substituted by `rgb' on input line 1366.
Package xcolor Info: Model `Hsb' substituted by `hsb' on input line 1367.
Package xcolor Info: Model `tHsb' substituted by `hsb' on input line 1368.
Package xcolor Info: Model `HSB' substituted by `hsb' on input line 1369.
Package xcolor Info: Model `Gray' substituted by `gray' on input line 1370.
Package xcolor Info: Model `wave' substituted by `hsb' on input line 1371.
)
("C:\Users\nicolas.bourgeois\AppData\Local\Programs\MiKTeX 2.9\tex/generic/pgf/
basiclayer\pgfcore.code.tex"
Package: pgfcore 2020/01/08 v3.1.5b (3.1.5b)

("C:\Users\nicolas.bourgeois\AppData\Local\Programs\MiKTeX 2.9\tex/generic/pgf/
math\pgfmath.code.tex"
("C:\Users\nicolas.bourgeois\AppData\Local\Programs\MiKTeX 2.9\tex/generic/pgf/
math\pgfmathcalc.code.tex"
("C:\Users\nicolas.bourgeois\AppData\Local\Programs\MiKTeX 2.9\tex/generic/pgf/
math\pgfmathutil.code.tex")
("C:\Users\nicolas.bourgeois\AppData\Local\Programs\MiKTeX 2.9\tex/generic/pgf/
math\pgfmathparser.code.tex"
\pgfmath@dimen=\dimen172
\pgfmath@count=\count269
\pgfmath@box=\box55
\pgfmath@toks=\toks24
\pgfmath@stack@operand=\toks25
\pgfmath@stack@operation=\toks26
)
("C:\Users\nicolas.bourgeois\AppData\Local\Programs\MiKTeX 2.9\tex/generic/pgf/
math\pgfmathfunctions.code.tex"
("C:\Users\nicolas.bourgeois\AppData\Local\Programs\MiKTeX 2.9\tex/generic/pgf/
math\pgfmathfunctions.basic.code.tex")
("C:\Users\nicolas.bourgeois\AppData\Local\Programs\MiKTeX 2.9\tex/generic/pgf/
math\pgfmathfunctions.trigonometric.code.tex")
("C:\Users\nicolas.bourgeois\AppData\Local\Programs\MiKTeX 2.9\tex/generic/pgf/
math\pgfmathfunctions.random.code.tex")
("C:\Users\nicolas.bourgeois\AppData\Local\Programs\MiKTeX 2.9\tex/generic/pgf/
math\pgfmathfunctions.comparison.code.tex")
("C:\Users\nicolas.bourgeois\AppData\Local\Programs\MiKTeX 2.9\tex/generic/pgf/
math\pgfmathfunctions.base.code.tex")
("C:\Users\nicolas.bourgeois\AppData\Local\Programs\MiKTeX 2.9\tex/generic/pgf/
math\pgfmathfunctions.round.code.tex")
("C:\Users\nicolas.bourgeois\AppData\Local\Programs\MiKTeX 2.9\tex/generic/pgf/
math\pgfmathfunctions.misc.code.tex")
("C:\Users\nicolas.bourgeois\AppData\Local\Programs\MiKTeX 2.9\tex/generic/pgf/
math\pgfmathfunctions.integerarithmetics.code.tex")))
("C:\Users\nicolas.bourgeois\AppData\Local\Programs\MiKTeX 2.9\tex/generic/pgf/
math\pgfmathfloat.code.tex"
\c@pgfmathroundto@lastzeros=\count270
))
("C:\Users\nicolas.bourgeois\AppData\Local\Programs\MiKTeX 2.9\tex/generic/pgf/
math\pgfint.code.tex")
("C:\Users\nicolas.bourgeois\AppData\Local\Programs\MiKTeX 2.9\tex/generic/pgf/
basiclayer\pgfcorepoints.code.tex"
File: pgfcorepoints.code.tex 2020/01/08 v3.1.5b (3.1.5b)
\pgf@picminx=\dimen173
\pgf@picmaxx=\dimen174
\pgf@picminy=\dimen175
\pgf@picmaxy=\dimen176
\pgf@pathminx=\dimen177
\pgf@pathmaxx=\dimen178
\pgf@pathminy=\dimen179
\pgf@pathmaxy=\dimen180
\pgf@xx=\dimen181
\pgf@xy=\dimen182
\pgf@yx=\dimen183
\pgf@yy=\dimen184
\pgf@zx=\dimen185
\pgf@zy=\dimen186
)
("C:\Users\nicolas.bourgeois\AppData\Local\Programs\MiKTeX 2.9\tex/generic/pgf/
basiclayer\pgfcorepathconstruct.code.tex"
File: pgfcorepathconstruct.code.tex 2020/01/08 v3.1.5b (3.1.5b)
\pgf@path@lastx=\dimen187
\pgf@path@lasty=\dimen188
)
("C:\Users\nicolas.bourgeois\AppData\Local\Programs\MiKTeX 2.9\tex/generic/pgf/
basiclayer\pgfcorepathusage.code.tex"
File: pgfcorepathusage.code.tex 2020/01/08 v3.1.5b (3.1.5b)
\pgf@shorten@end@additional=\dimen189
\pgf@shorten@start@additional=\dimen190
)
("C:\Users\nicolas.bourgeois\AppData\Local\Programs\MiKTeX 2.9\tex/generic/pgf/
basiclayer\pgfcorescopes.code.tex"
File: pgfcorescopes.code.tex 2020/01/08 v3.1.5b (3.1.5b)
\pgfpic=\box56
\pgf@hbox=\box57
\pgf@layerbox@main=\box58
\pgf@picture@serial@count=\count271
)
("C:\Users\nicolas.bourgeois\AppData\Local\Programs\MiKTeX 2.9\tex/generic/pgf/
basiclayer\pgfcoregraphicstate.code.tex"
File: pgfcoregraphicstate.code.tex 2020/01/08 v3.1.5b (3.1.5b)
\pgflinewidth=\dimen191
)
("C:\Users\nicolas.bourgeois\AppData\Local\Programs\MiKTeX 2.9\tex/generic/pgf/
basiclayer\pgfcoretransformations.code.tex"
File: pgfcoretransformations.code.tex 2020/01/08 v3.1.5b (3.1.5b)
\pgf@pt@x=\dimen192
\pgf@pt@y=\dimen193
\pgf@pt@temp=\dimen194
)
("C:\Users\nicolas.bourgeois\AppData\Local\Programs\MiKTeX 2.9\tex/generic/pgf/
basiclayer\pgfcorequick.code.tex"
File: pgfcorequick.code.tex 2020/01/08 v3.1.5b (3.1.5b)
)
("C:\Users\nicolas.bourgeois\AppData\Local\Programs\MiKTeX 2.9\tex/generic/pgf/
basiclayer\pgfcoreobjects.code.tex"
File: pgfcoreobjects.code.tex 2020/01/08 v3.1.5b (3.1.5b)
)
("C:\Users\nicolas.bourgeois\AppData\Local\Programs\MiKTeX 2.9\tex/generic/pgf/
basiclayer\pgfcorepathprocessing.code.tex"
File: pgfcorepathprocessing.code.tex 2020/01/08 v3.1.5b (3.1.5b)
)
("C:\Users\nicolas.bourgeois\AppData\Local\Programs\MiKTeX 2.9\tex/generic/pgf/
basiclayer\pgfcorearrows.code.tex"
File: pgfcorearrows.code.tex 2020/01/08 v3.1.5b (3.1.5b)
\pgfarrowsep=\dimen195
)
("C:\Users\nicolas.bourgeois\AppData\Local\Programs\MiKTeX 2.9\tex/generic/pgf/
basiclayer\pgfcoreshade.code.tex"
File: pgfcoreshade.code.tex 2020/01/08 v3.1.5b (3.1.5b)
\pgf@max=\dimen196
\pgf@sys@shading@range@num=\count272
\pgf@shadingcount=\count273
)
("C:\Users\nicolas.bourgeois\AppData\Local\Programs\MiKTeX 2.9\tex/generic/pgf/
basiclayer\pgfcoreimage.code.tex"
File: pgfcoreimage.code.tex 2020/01/08 v3.1.5b (3.1.5b)

("C:\Users\nicolas.bourgeois\AppData\Local\Programs\MiKTeX 2.9\tex/generic/pgf/
basiclayer\pgfcoreexternal.code.tex"
File: pgfcoreexternal.code.tex 2020/01/08 v3.1.5b (3.1.5b)
\pgfexternal@startupbox=\box59
))
("C:\Users\nicolas.bourgeois\AppData\Local\Programs\MiKTeX 2.9\tex/generic/pgf/
basiclayer\pgfcorelayers.code.tex"
File: pgfcorelayers.code.tex 2020/01/08 v3.1.5b (3.1.5b)
)
("C:\Users\nicolas.bourgeois\AppData\Local\Programs\MiKTeX 2.9\tex/generic/pgf/
basiclayer\pgfcoretransparency.code.tex"
File: pgfcoretransparency.code.tex 2020/01/08 v3.1.5b (3.1.5b)
)
("C:\Users\nicolas.bourgeois\AppData\Local\Programs\MiKTeX 2.9\tex/generic/pgf/
basiclayer\pgfcorepatterns.code.tex"
File: pgfcorepatterns.code.tex 2020/01/08 v3.1.5b (3.1.5b)
)
("C:\Users\nicolas.bourgeois\AppData\Local\Programs\MiKTeX 2.9\tex/generic/pgf/
basiclayer\pgfcorerdf.code.tex"
File: pgfcorerdf.code.tex 2020/01/08 v3.1.5b (3.1.5b)
)))
("C:\Users\nicolas.bourgeois\AppData\Local\Programs\MiKTeX 2.9\tex/latex/pgf/ut
ilities\xxcolor.sty"
Package: xxcolor 2003/10/24 ver 0.1
\XC@nummixins=\count274
\XC@countmixins=\count275
)
("C:\Users\nicolas.bourgeois\AppData\Local\Programs\MiKTeX 2.9\tex/generic/atbe
gshi\atbegshi.sty"
Package: atbegshi 2019/12/05 v1.19 At begin shipout hook (HO)

("C:\Users\nicolas.bourgeois\AppData\Local\Programs\MiKTeX 2.9\tex/generic/infw
arerr\infwarerr.sty"
Package: infwarerr 2019/12/03 v1.5 Providing info/warning/error messages (HO)
)
("C:\Users\nicolas.bourgeois\AppData\Local\Programs\MiKTeX 2.9\tex/generic/ltxc
mds\ltxcmds.sty"
Package: ltxcmds 2019/12/15 v1.24 LaTeX kernel commands for general use (HO)
))
("C:\Users\nicolas.bourgeois\AppData\Local\Programs\MiKTeX 2.9\tex/latex/hyperr
ef\hyperref.sty"
Package: hyperref 2020-05-15 v7.00e Hypertext links for LaTeX

("C:\Users\nicolas.bourgeois\AppData\Local\Programs\MiKTeX 2.9\tex/generic/pdft
excmds\pdftexcmds.sty"
Package: pdftexcmds 2020-06-27 v0.33 Utility functions of pdfTeX for LuaTeX (HO
)
Package pdftexcmds Info: \pdf@primitive is available.
Package pdftexcmds Info: \pdf@ifprimitive is available.
Package pdftexcmds Info: \pdfdraftmode found.
)
("C:\Users\nicolas.bourgeois\AppData\Local\Programs\MiKTeX 2.9\tex/generic/kvse
tkeys\kvsetkeys.sty"
Package: kvsetkeys 2019/12/15 v1.18 Key value parser (HO)
)
("C:\Users\nicolas.bourgeois\AppData\Local\Programs\MiKTeX 2.9\tex/generic/kvde
finekeys\kvdefinekeys.sty"
Package: kvdefinekeys 2019-12-19 v1.6 Define keys (HO)
)
("C:\Users\nicolas.bourgeois\AppData\Local\Programs\MiKTeX 2.9\tex/generic/pdfe
scape\pdfescape.sty"
Package: pdfescape 2019/12/09 v1.15 Implements pdfTeX's escape features (HO)
)
("C:\Users\nicolas.bourgeois\AppData\Local\Programs\MiKTeX 2.9\tex/latex/hycolo
r\hycolor.sty"
Package: hycolor 2020-01-27 v1.10 Color options for hyperref/bookmark (HO)
)
("C:\Users\nicolas.bourgeois\AppData\Local\Programs\MiKTeX 2.9\tex/latex/letltx
macro\letltxmacro.sty"
Package: letltxmacro 2019/12/03 v1.6 Let assignment for LaTeX macros (HO)
)
("C:\Users\nicolas.bourgeois\AppData\Local\Programs\MiKTeX 2.9\tex/latex/auxhoo
k\auxhook.sty"
Package: auxhook 2019-12-17 v1.6 Hooks for auxiliary files (HO)
)
("C:\Users\nicolas.bourgeois\AppData\Local\Programs\MiKTeX 2.9\tex/latex/kvopti
ons\kvoptions.sty"
Package: kvoptions 2019/11/29 v3.13 Key value format for package options (HO)
)
\@linkdim=\dimen197
\Hy@linkcounter=\count276
\Hy@pagecounter=\count277

("C:\Users\nicolas.bourgeois\AppData\Local\Programs\MiKTeX 2.9\tex/latex/hyperr
ef\pd1enc.def"
File: pd1enc.def 2020-05-15 v7.00e Hyperref: PDFDocEncoding definition (HO)
Now handling font encoding PD1 ...
... no UTF-8 mapping file for font encoding PD1
)
("C:\Users\nicolas.bourgeois\AppData\Local\Programs\MiKTeX 2.9\tex/generic/intc
alc\intcalc.sty"
Package: intcalc 2019/12/15 v1.3 Expandable calculations with integers (HO)
)
("C:\Users\nicolas.bourgeois\AppData\Local\Programs\MiKTeX 2.9\tex/generic/etex
cmds\etexcmds.sty"
Package: etexcmds 2019/12/15 v1.7 Avoid name clashes with e-TeX commands (HO)
)
\Hy@SavedSpaceFactor=\count278
Package hyperref Info: Option `bookmarks' set `true' on input line 4338.
Package hyperref Info: Option `bookmarksopen' set `true' on input line 4338.
Package hyperref Info: Option `implicit' set `false' on input line 4338.
Package hyperref Info: Hyper figures OFF on input line 4464.
Package hyperref Info: Link nesting OFF on input line 4469.
Package hyperref Info: Hyper index ON on input line 4472.
Package hyperref Info: Plain pages OFF on input line 4479.
Package hyperref Info: Backreferencing OFF on input line 4484.
Package hyperref Info: Implicit mode OFF; no redefinition of LaTeX internals.
Package hyperref Info: Bookmarks ON on input line 4717.
\c@Hy@tempcnt=\count279

("C:\Users\nicolas.bourgeois\AppData\Local\Programs\MiKTeX 2.9\tex/latex/url\ur
l.sty"
\Urlmuskip=\muskip16
Package: url 2013/09/16  ver 3.4  Verb mode for urls, etc.
)
LaTeX Info: Redefining \url on input line 5076.
\XeTeXLinkMargin=\dimen198

("C:\Users\nicolas.bourgeois\AppData\Local\Programs\MiKTeX 2.9\tex/generic/bits
et\bitset.sty"
Package: bitset 2019/12/09 v1.3 Handle bit-vector datatype (HO)

("C:\Users\nicolas.bourgeois\AppData\Local\Programs\MiKTeX 2.9\tex/generic/bigi
ntcalc\bigintcalc.sty"
Package: bigintcalc 2019/12/15 v1.5 Expandable calculations on big integers (HO
)
))
\Fld@menulength=\count280
\Field@Width=\dimen199
\Fld@charsize=\dimen256
Package hyperref Info: Hyper figures OFF on input line 6347.
Package hyperref Info: Link nesting OFF on input line 6352.
Package hyperref Info: Hyper index ON on input line 6355.
Package hyperref Info: backreferencing OFF on input line 6362.
Package hyperref Info: Link coloring OFF on input line 6367.
Package hyperref Info: Link coloring with OCG OFF on input line 6372.
Package hyperref Info: PDF/A mode OFF on input line 6377.
LaTeX Info: Redefining \ref on input line 6417.
LaTeX Info: Redefining \pageref on input line 6421.
\Hy@abspage=\count281


Package hyperref Message: Stopped early.

)
Package hyperref Info: Driver (autodetected): hpdftex.

("C:\Users\nicolas.bourgeois\AppData\Local\Programs\MiKTeX 2.9\tex/latex/hyperr
ef\hpdftex.def"
File: hpdftex.def 2020-05-15 v7.00e Hyperref driver for pdfTeX

("C:\Users\nicolas.bourgeois\AppData\Local\Programs\MiKTeX 2.9\tex/latex/atvery
end\atveryend.sty"
Package: atveryend 2019-12-11 v1.11 Hooks at the very end of document (HO)
)
\Fld@listcount=\count282
\c@bookmark@seq@number=\count283

("C:\Users\nicolas.bourgeois\AppData\Local\Programs\MiKTeX 2.9\tex/latex/rerunf
ilecheck\rerunfilecheck.sty"
Package: rerunfilecheck 2019/12/05 v1.9 Rerun checks for auxiliary files (HO)

("C:\Users\nicolas.bourgeois\AppData\Local\Programs\MiKTeX 2.9\tex/generic/uniq
uecounter\uniquecounter.sty"
Package: uniquecounter 2019/12/15 v1.4 Provide unlimited unique counter (HO)
)
Package uniquecounter Info: New unique counter `rerunfilecheck' on input line 2
86.
))
("C:\Users\nicolas.bourgeois\AppData\Local\Programs\MiKTeX 2.9\tex/latex/beamer
\beamerbaserequires.sty"
("C:\Users\nicolas.bourgeois\AppData\Local\Programs\MiKTeX 2.9\tex/latex/beamer
\beamerbasecompatibility.sty")
("C:\Users\nicolas.bourgeois\AppData\Local\Programs\MiKTeX 2.9\tex/latex/beamer
\beamerbasefont.sty"
("C:\Users\nicolas.bourgeois\AppData\Local\Programs\MiKTeX 2.9\tex/latex/amsfon
ts\amssymb.sty"
Package: amssymb 2013/01/14 v3.01 AMS font symbols

("C:\Users\nicolas.bourgeois\AppData\Local\Programs\MiKTeX 2.9\tex/latex/amsfon
ts\amsfonts.sty"
Package: amsfonts 2013/01/14 v3.01 Basic AMSFonts support
\@emptytoks=\toks27
\symAMSa=\mathgroup4
\symAMSb=\mathgroup5
LaTeX Font Info:    Redeclaring math symbol \hbar on input line 98.
LaTeX Font Info:    Overwriting math alphabet `\mathfrak' in version `bold'
(Font)                  U/euf/m/n --> U/euf/b/n on input line 106.
))
("C:\Users\nicolas.bourgeois\AppData\Local\Programs\MiKTeX 2.9\tex/latex/sansma
thaccent\sansmathaccent.sty"
Package: sansmathaccent 2020/01/31

("C:\Users\nicolas.bourgeois\AppData\Local\Programs\MiKTeX 2.9\tex/latex/koma-s
cript\scrlfile.sty"
Package: scrlfile 2020/09/21 v3.32 KOMA-Script package (file load hooks)

("C:\Users\nicolas.bourgeois\AppData\Local\Programs\MiKTeX 2.9\tex/latex/koma-s
cript\scrlfile-patcholdlatex.sty"
Package: scrlfile-patcholdlatex 2020/09/21 v3.32 KOMA-Script package (patching 
old LaTeX kernels)

("C:\Users\nicolas.bourgeois\AppData\Local\Programs\MiKTeX 2.9\tex/latex/koma-s
cript\scrlogo.sty"
Package: scrlogo 2020/09/21 v3.32 KOMA-Script package (logo)
))
("C:\Users\nicolas.bourgeois\AppData\Local\Programs\MiKTeX 2.9\tex/latex/l3pack
ages/xparse\xparse.sty"
("C:\Users\nicolas.bourgeois\AppData\Local\Programs\MiKTeX 2.9\tex/latex/l3kern
el\expl3.sty"
Package: expl3 2020-09-03 L3 programming layer (loader) 

("C:\Users\nicolas.bourgeois\AppData\Local\Programs\MiKTeX 2.9\tex/latex/l3back
end\l3backend-pdftex.def"
File: l3backend-pdftex.def 2020-09-01 L3 backend support: PDF output (pdfTeX)
\l__kernel_color_stack_int=\count284
\l__pdf_internal_box=\box60
))
Package: xparse 2020-05-15 L3 Experimental document command parser

("C:\Users\nicolas.bourgeois\AppData\Local\Programs\MiKTeX 2.9\tex/latex/l3pack
ages/xparse\xparse-generic.tex"
\l__xparse_current_arg_int=\count285
\g__xparse_grabber_int=\count286
\l__xparse_m_args_int=\count287
\l__xparse_v_nesting_int=\count288
)))))
("C:\Users\nicolas.bourgeois\AppData\Local\Programs\MiKTeX 2.9\tex/latex/beamer
\beamerbasetranslator.sty"
("C:\Users\nicolas.bourgeois\AppData\Local\Programs\MiKTeX 2.9\tex/latex/transl
ator\translator.sty"
Package: translator 2020-08-03 v1.12c Easy translation of strings in LaTeX
))
("C:\Users\nicolas.bourgeois\AppData\Local\Programs\MiKTeX 2.9\tex/latex/beamer
\beamerbasemisc.sty")
("C:\Users\nicolas.bourgeois\AppData\Local\Programs\MiKTeX 2.9\tex/latex/beamer
\beamerbasetwoscreens.sty")
("C:\Users\nicolas.bourgeois\AppData\Local\Programs\MiKTeX 2.9\tex/latex/beamer
\beamerbaseoverlay.sty"
\beamer@argscount=\count289
\beamer@lastskipcover=\skip50
\beamer@trivlistdepth=\count290
)
("C:\Users\nicolas.bourgeois\AppData\Local\Programs\MiKTeX 2.9\tex/latex/beamer
\beamerbasetitle.sty")
("C:\Users\nicolas.bourgeois\AppData\Local\Programs\MiKTeX 2.9\tex/latex/beamer
\beamerbasesection.sty"
\c@lecture=\count291
\c@part=\count292
\c@section=\count293
\c@subsection=\count294
\c@subsubsection=\count295
)
("C:\Users\nicolas.bourgeois\AppData\Local\Programs\MiKTeX 2.9\tex/latex/beamer
\beamerbaseframe.sty"
\beamer@framebox=\box61
\beamer@frametitlebox=\box62
\beamer@zoombox=\box63
\beamer@zoomcount=\count296
\beamer@zoomframecount=\count297
\beamer@frametextheight=\dimen257
\c@subsectionslide=\count298
\beamer@frametopskip=\skip51
\beamer@framebottomskip=\skip52
\beamer@frametopskipautobreak=\skip53
\beamer@framebottomskipautobreak=\skip54
\beamer@envbody=\toks28
\framewidth=\dimen258
\c@framenumber=\count299
)
("C:\Users\nicolas.bourgeois\AppData\Local\Programs\MiKTeX 2.9\tex/latex/beamer
\beamerbaseverbatim.sty"
\beamer@verbatimfileout=\write4
)
("C:\Users\nicolas.bourgeois\AppData\Local\Programs\MiKTeX 2.9\tex/latex/beamer
\beamerbaseframesize.sty"
\beamer@splitbox=\box64
\beamer@autobreakcount=\count300
\beamer@autobreaklastheight=\dimen259
\beamer@frametitletoks=\toks29
\beamer@framesubtitletoks=\toks30
)
("C:\Users\nicolas.bourgeois\AppData\Local\Programs\MiKTeX 2.9\tex/latex/beamer
\beamerbaseframecomponents.sty"
\beamer@footins=\box65
)
("C:\Users\nicolas.bourgeois\AppData\Local\Programs\MiKTeX 2.9\tex/latex/beamer
\beamerbasecolor.sty")
("C:\Users\nicolas.bourgeois\AppData\Local\Programs\MiKTeX 2.9\tex/latex/beamer
\beamerbasenotes.sty"
\beamer@frameboxcopy=\box66
)
("C:\Users\nicolas.bourgeois\AppData\Local\Programs\MiKTeX 2.9\tex/latex/beamer
\beamerbasetoc.sty")
("C:\Users\nicolas.bourgeois\AppData\Local\Programs\MiKTeX 2.9\tex/latex/beamer
\beamerbasetemplates.sty"
\beamer@sbttoks=\toks31

("C:\Users\nicolas.bourgeois\AppData\Local\Programs\MiKTeX 2.9\tex/latex/beamer
\beamerbaseauxtemplates.sty"
("C:\Users\nicolas.bourgeois\AppData\Local\Programs\MiKTeX 2.9\tex/latex/beamer
\beamerbaseboxes.sty"
\bmb@box=\box67
\bmb@colorbox=\box68
\bmb@boxshadow=\box69
\bmb@boxshadowball=\box70
\bmb@boxshadowballlarge=\box71
\bmb@temp=\dimen260
\bmb@dima=\dimen261
\bmb@dimb=\dimen262
\bmb@prevheight=\dimen263
)
\beamer@blockheadheight=\dimen264
))
("C:\Users\nicolas.bourgeois\AppData\Local\Programs\MiKTeX 2.9\tex/latex/beamer
\beamerbaselocalstructure.sty"
("C:\Users\nicolas.bourgeois\AppData\Local\Programs\MiKTeX 2.9\tex/latex/tools\
enumerate.sty"
Package: enumerate 2015/07/23 v3.00 enumerate extensions (DPC)
\@enLab=\toks32
)
\c@figure=\count301
\c@table=\count302
\abovecaptionskip=\skip55
\belowcaptionskip=\skip56
)
("C:\Users\nicolas.bourgeois\AppData\Local\Programs\MiKTeX 2.9\tex/latex/beamer
\beamerbasenavigation.sty"
\beamer@section@min@dim=\dimen265
)
("C:\Users\nicolas.bourgeois\AppData\Local\Programs\MiKTeX 2.9\tex/latex/beamer
\beamerbasetheorems.sty"
("C:\Users\nicolas.bourgeois\AppData\Local\Programs\MiKTeX 2.9\tex/latex/amsmat
h\amsmath.sty"
Package: amsmath 2020/01/20 v2.17e AMS math features
\@mathmargin=\skip57

For additional information on amsmath, use the `?' option.

("C:\Users\nicolas.bourgeois\AppData\Local\Programs\MiKTeX 2.9\tex/latex/amsmat
h\amstext.sty"
Package: amstext 2000/06/29 v2.01 AMS text

("C:\Users\nicolas.bourgeois\AppData\Local\Programs\MiKTeX 2.9\tex/latex/amsmat
h\amsgen.sty"
File: amsgen.sty 1999/11/30 v2.0 generic functions
\@emptytoks=\toks33
\ex@=\dimen266
))
("C:\Users\nicolas.bourgeois\AppData\Local\Programs\MiKTeX 2.9\tex/latex/amsmat
h\amsbsy.sty"
Package: amsbsy 1999/11/29 v1.2d Bold Symbols
\pmbraise@=\dimen267
)
("C:\Users\nicolas.bourgeois\AppData\Local\Programs\MiKTeX 2.9\tex/latex/amsmat
h\amsopn.sty"
Package: amsopn 2016/03/08 v2.02 operator names
)
\inf@bad=\count303
LaTeX Info: Redefining \frac on input line 227.
\uproot@=\count304
\leftroot@=\count305
LaTeX Info: Redefining \overline on input line 389.
\classnum@=\count306
\DOTSCASE@=\count307
LaTeX Info: Redefining \ldots on input line 486.
LaTeX Info: Redefining \dots on input line 489.
LaTeX Info: Redefining \cdots on input line 610.
\Mathstrutbox@=\box72
\strutbox@=\box73
\big@size=\dimen268
LaTeX Font Info:    Redeclaring font encoding OML on input line 733.
LaTeX Font Info:    Redeclaring font encoding OMS on input line 734.
\macc@depth=\count308
\c@MaxMatrixCols=\count309
\dotsspace@=\muskip17
\c@parentequation=\count310
\dspbrk@lvl=\count311
\tag@help=\toks34
\row@=\count312
\column@=\count313
\maxfields@=\count314
\andhelp@=\toks35
\eqnshift@=\dimen269
\alignsep@=\dimen270
\tagshift@=\dimen271
\tagwidth@=\dimen272
\totwidth@=\dimen273
\lineht@=\dimen274
\@envbody=\toks36
\multlinegap=\skip58
\multlinetaggap=\skip59
\mathdisplay@stack=\toks37
LaTeX Info: Redefining \[ on input line 2859.
LaTeX Info: Redefining \] on input line 2860.
)
("C:\Users\nicolas.bourgeois\AppData\Local\Programs\MiKTeX 2.9\tex/latex/amscls
\amsthm.sty"
Package: amsthm 2020/05/29 v2.20.6
\thm@style=\toks38
\thm@bodyfont=\toks39
\thm@headfont=\toks40
\thm@notefont=\toks41
\thm@headpunct=\toks42
\thm@preskip=\skip60
\thm@postskip=\skip61
\thm@headsep=\skip62
\dth@everypar=\toks43
)
\c@theorem=\count315
)
("C:\Users\nicolas.bourgeois\AppData\Local\Programs\MiKTeX 2.9\tex/latex/beamer
\beamerbasethemes.sty"))
("C:\Users\nicolas.bourgeois\AppData\Local\Programs\MiKTeX 2.9\tex/latex/beamer
\beamerthemedefault.sty"
("C:\Users\nicolas.bourgeois\AppData\Local\Programs\MiKTeX 2.9\tex/latex/beamer
\beamerfontthemedefault.sty")
("C:\Users\nicolas.bourgeois\AppData\Local\Programs\MiKTeX 2.9\tex/latex/beamer
\beamercolorthemedefault.sty")
("C:\Users\nicolas.bourgeois\AppData\Local\Programs\MiKTeX 2.9\tex/latex/beamer
\beamerinnerthemedefault.sty"
\beamer@dima=\dimen275
\beamer@dimb=\dimen276
)
("C:\Users\nicolas.bourgeois\AppData\Local\Programs\MiKTeX 2.9\tex/latex/beamer
\beamerouterthemedefault.sty")))
("C:\Users\nicolas.bourgeois\AppData\Local\Programs\MiKTeX 2.9\tex/latex/psnfss
\helvet.sty"
Package: helvet 2020/03/25 PSNFSS-v9.3 (WaS) 
)
("C:\Users\nicolas.bourgeois\AppData\Local\Programs\MiKTeX 2.9\tex/latex/beamer
\beamerthemeJuanLesPins.sty"
("C:\Users\nicolas.bourgeois\AppData\Local\Programs\MiKTeX 2.9\tex/latex/beamer
\beamerouterthemesmoothtree.sty")
("C:\Users\nicolas.bourgeois\AppData\Local\Programs\MiKTeX 2.9\tex/latex/beamer
\beamercolorthemewhale.sty")
("C:\Users\nicolas.bourgeois\AppData\Local\Programs\MiKTeX 2.9\tex/latex/beamer
\beamercolorthemeorchid.sty")
("C:\Users\nicolas.bourgeois\AppData\Local\Programs\MiKTeX 2.9\tex/latex/beamer
\beamerinnerthemerounded.sty"))
("C:\Users\nicolas.bourgeois\AppData\Local\Programs\MiKTeX 2.9\tex/latex/beamer
\beamerfontthemestructurebold.sty")
("C:\Users\nicolas.bourgeois\AppData\Local\Programs\MiKTeX 2.9\tex/generic/babe
l\babel.sty"
Package: babel 2020/09/01 3.48 The Babel package

("C:\Users\nicolas.bourgeois\AppData\Local\Programs\MiKTeX 2.9\tex/generic/babe
l\babel.def"
File: babel.def 2020/09/01 3.48 Babel common definitions
\babel@savecnt=\count316
\U@D=\dimen277
\l@babelnohyphens=\language83

("C:\Users\nicolas.bourgeois\AppData\Local\Programs\MiKTeX 2.9\tex/generic/babe
l\txtbabel.def")
\bbl@readstream=\read3
)
LaTeX Info: Redefining \textlatin on input line 680.
\bbl@dirlevel=\count317

*************************************
* Local config file bblopts.cfg used
*

("C:\Users\nicolas.bourgeois\AppData\Local\Programs\MiKTeX 2.9\tex/latex/arabi\
bblopts.cfg"
File: bblopts.cfg 2005/09/08 v0.1 add Arabic and Farsi to "declared" options of
 babel
)
("C:\Users\nicolas.bourgeois\AppData\Local\Programs\MiKTeX 2.9\tex/generic/babe
l-french\french.ldf"
Language: french 2020/07/02 v3.5j French support from the babel system
Package babel Info: \l@acadian = using hyphenrules for french
(babel)             (\language24) on input line 91.
Package babel Info: \l@canadien = using hyphenrules for french
(babel)             (\language24) on input line 92.
\FB@nonchar=\count318
Package babel Info: Making : an active character on input line 428.
Package babel Info: Making ; an active character on input line 429.
Package babel Info: Making ! an active character on input line 430.
Package babel Info: Making ? an active character on input line 431.
\FBguill@level=\count319
\FBold@everypar=\toks44
\FB@Mht=\dimen278
\mc@charclass=\count320
\mc@charfam=\count321
\mc@charslot=\count322
\std@mcc=\count323
\dec@mcc=\count324
\c@FBcaption@count=\count325
\listindentFB=\dimen279
\descindentFB=\dimen280
\labelindentFB=\dimen281
\labelwidthFB=\dimen282
\leftmarginFB=\dimen283
\parindentFFN=\dimen284
\FBfnindent=\dimen285
))
("C:\Users\nicolas.bourgeois\AppData\Local\Programs\MiKTeX 2.9\tex/latex/carlis
le\scalefnt.sty")
Package french.ldf Info: No list customisation for the beamer class,
(french.ldf)             reported on input line 8.

("C:\Users\nicolas.bourgeois\AppData\Local\Programs\MiKTeX 2.9\tex/latex/base\i
nputenc.sty"
Package: inputenc 2018/08/11 v1.3c Input encoding file
\inpenc@prehook=\toks45
\inpenc@posthook=\toks46
)
("C:\Users\nicolas.bourgeois\AppData\Local\Programs\MiKTeX 2.9\tex/latex/base\f
ontenc.sty"
Package: fontenc 2020/02/11 v2.0o Standard LaTeX package
LaTeX Font Info:    Trying to load font information for T1+phv on input line 11
2.

("C:\Users\nicolas.bourgeois\AppData\Local\Programs\MiKTeX 2.9\tex/latex/psnfss
\t1phv.fd"
File: t1phv.fd 2020/03/25 scalable font definitions for T1/phv.
))
("C:\Users\nicolas.bourgeois\AppData\Local\Programs\MiKTeX 2.9\tex/latex/pgf/fr
ontendlayer\tikz.sty"
("C:\Users\nicolas.bourgeois\AppData\Local\Programs\MiKTeX 2.9\tex/latex/pgf/ba
siclayer\pgf.sty"
Package: pgf 2020/01/08 v3.1.5b (3.1.5b)

("C:\Users\nicolas.bourgeois\AppData\Local\Programs\MiKTeX 2.9\tex/generic/pgf/
modules\pgfmoduleshapes.code.tex"
File: pgfmoduleshapes.code.tex 2020/01/08 v3.1.5b (3.1.5b)
\pgfnodeparttextbox=\box74
)
("C:\Users\nicolas.bourgeois\AppData\Local\Programs\MiKTeX 2.9\tex/generic/pgf/
modules\pgfmoduleplot.code.tex"
File: pgfmoduleplot.code.tex 2020/01/08 v3.1.5b (3.1.5b)
)
("C:\Users\nicolas.bourgeois\AppData\Local\Programs\MiKTeX 2.9\tex/latex/pgf/co
mpatibility\pgfcomp-version-0-65.sty"
Package: pgfcomp-version-0-65 2020/01/08 v3.1.5b (3.1.5b)
\pgf@nodesepstart=\dimen286
\pgf@nodesepend=\dimen287
)
("C:\Users\nicolas.bourgeois\AppData\Local\Programs\MiKTeX 2.9\tex/latex/pgf/co
mpatibility\pgfcomp-version-1-18.sty"
Package: pgfcomp-version-1-18 2020/01/08 v3.1.5b (3.1.5b)
))
("C:\Users\nicolas.bourgeois\AppData\Local\Programs\MiKTeX 2.9\tex/latex/pgf/ut
ilities\pgffor.sty"
("C:\Users\nicolas.bourgeois\AppData\Local\Programs\MiKTeX 2.9\tex/latex/pgf/ut
ilities\pgfkeys.sty"
("C:\Users\nicolas.bourgeois\AppData\Local\Programs\MiKTeX 2.9\tex/generic/pgf/
utilities\pgfkeys.code.tex"))
("C:\Users\nicolas.bourgeois\AppData\Local\Programs\MiKTeX 2.9\tex/latex/pgf/ma
th\pgfmath.sty"
("C:\Users\nicolas.bourgeois\AppData\Local\Programs\MiKTeX 2.9\tex/generic/pgf/
math\pgfmath.code.tex"))
("C:\Users\nicolas.bourgeois\AppData\Local\Programs\MiKTeX 2.9\tex/generic/pgf/
utilities\pgffor.code.tex"
Package: pgffor 2020/01/08 v3.1.5b (3.1.5b)

("C:\Users\nicolas.bourgeois\AppData\Local\Programs\MiKTeX 2.9\tex/generic/pgf/
math\pgfmath.code.tex")
\pgffor@iter=\dimen288
\pgffor@skip=\dimen289
\pgffor@stack=\toks47
\pgffor@toks=\toks48
))
("C:\Users\nicolas.bourgeois\AppData\Local\Programs\MiKTeX 2.9\tex/generic/pgf/
frontendlayer/tikz\tikz.code.tex"
Package: tikz 2020/01/08 v3.1.5b (3.1.5b)

("C:\Users\nicolas.bourgeois\AppData\Local\Programs\MiKTeX 2.9\tex/generic/pgf/
libraries\pgflibraryplothandlers.code.tex"
File: pgflibraryplothandlers.code.tex 2020/01/08 v3.1.5b (3.1.5b)
\pgf@plot@mark@count=\count326
\pgfplotmarksize=\dimen290
)
\tikz@lastx=\dimen291
\tikz@lasty=\dimen292
\tikz@lastxsaved=\dimen293
\tikz@lastysaved=\dimen294
\tikz@lastmovetox=\dimen295
\tikz@lastmovetoy=\dimen296
\tikzleveldistance=\dimen297
\tikzsiblingdistance=\dimen298
\tikz@figbox=\box75
\tikz@figbox@bg=\box76
\tikz@tempbox=\box77
\tikz@tempbox@bg=\box78
\tikztreelevel=\count327
\tikznumberofchildren=\count328
\tikznumberofcurrentchild=\count329
\tikz@fig@count=\count330

("C:\Users\nicolas.bourgeois\AppData\Local\Programs\MiKTeX 2.9\tex/generic/pgf/
modules\pgfmodulematrix.code.tex"
File: pgfmodulematrix.code.tex 2020/01/08 v3.1.5b (3.1.5b)
\pgfmatrixcurrentrow=\count331
\pgfmatrixcurrentcolumn=\count332
\pgf@matrix@numberofcolumns=\count333
)
\tikz@expandcount=\count334

("C:\Users\nicolas.bourgeois\AppData\Local\Programs\MiKTeX 2.9\tex/generic/pgf/
frontendlayer/tikz/libraries\tikzlibrarytopaths.code.tex"
File: tikzlibrarytopaths.code.tex 2020/01/08 v3.1.5b (3.1.5b)
)))
("C:\Users\nicolas.bourgeois\AppData\Local\Programs\MiKTeX 2.9\tex/latex/colort
bl\colortbl.sty"
Package: colortbl 2020/01/04 v1.0e Color table columns (DPC)

("C:\Users\nicolas.bourgeois\AppData\Local\Programs\MiKTeX 2.9\tex/latex/tools\
array.sty"
Package: array 2019/08/31 v2.4l Tabular extension package (FMi)
\col@sep=\dimen299
\ar@mcellbox=\box79
\extrarowheight=\dimen300
\NC@list=\toks49
\extratabsurround=\skip63
\backup@length=\skip64
\ar@cellbox=\box80
)
\everycr=\toks50
\minrowclearance=\skip65
)
("C:\Users\nicolas.bourgeois\AppData\Local\Programs\MiKTeX 2.9\tex/generic/pgf/
frontendlayer/tikz/libraries\tikzlibraryarrows.code.tex"
File: tikzlibraryarrows.code.tex 2020/01/08 v3.1.5b (3.1.5b)

("C:\Users\nicolas.bourgeois\AppData\Local\Programs\MiKTeX 2.9\tex/generic/pgf/
libraries\pgflibraryarrows.code.tex"
File: pgflibraryarrows.code.tex 2020/01/08 v3.1.5b (3.1.5b)
\arrowsize=\dimen301
))
("C:\Users\nicolas.bourgeois\AppData\Local\Programs\MiKTeX 2.9\tex/generic/pgf/
frontendlayer/tikz/libraries\tikzlibrarypositioning.code.tex"
File: tikzlibrarypositioning.code.tex 2020/01/08 v3.1.5b (3.1.5b)
)
("C:\Users\nicolas.bourgeois\AppData\Local\Programs\MiKTeX 2.9\tex/latex/change
page\changepage.sty"
Package: changepage 2009/10/20 v1.0c check page and change page layout
\c@cp@cntr=\count335
\cp@tempcnt=\count336
)
("C:\Users\nicolas.bourgeois\AppData\Local\Programs\MiKTeX 2.9\tex/latex/captio
n\subcaption.sty"
Package: subcaption 2020/08/23 v1.3g Sub-captions (AR)

("C:\Users\nicolas.bourgeois\AppData\Local\Programs\MiKTeX 2.9\tex/latex/captio
n\caption.sty"
Package: caption 2020/09/02 v3.5a Customizing captions (AR)

("C:\Users\nicolas.bourgeois\AppData\Local\Programs\MiKTeX 2.9\tex/latex/captio
n\caption3.sty"
Package: caption3 2020/08/30 v2.0 caption3 kernel (AR)
\captionmargin=\dimen302
\captionmargin@=\dimen303
\captionwidth=\dimen304
\caption@tempdima=\dimen305
\caption@indent=\dimen306
\caption@parindent=\dimen307
\caption@hangindent=\dimen308
Package caption Info: beamer document class detected.
Package caption Info: french babel package is loaded.

("C:\Users\nicolas.bourgeois\AppData\Local\Programs\MiKTeX 2.9\tex/latex/captio
n\caption-beamer.sto"
File: caption-beamer.sto 2020/08/22 v2.0 Adaption of the caption package to the
 beamer document classes (AR)
))
\c@caption@flags=\count337
\c@continuedfloat=\count338
Package caption Info: changepage package is loaded.
\caption@adjustwidth@hsize=\dimen309
\caption@adjustwidth@linewidth=\dimen310
Package caption Info: hyperref package is loaded.
Package caption Info: Hyperref support is turned off
(caption)             because hyperref has stopped early.
)
\c@subfigure=\count339
\c@subtable=\count340
)
("C:\Users\nicolas.bourgeois\AppData\Local\Programs\MiKTeX 2.9\tex/latex/framed
\framed.sty"
Package: framed 2011/10/22 v 0.96: framed or shaded text with page breaks
\OuterFrameSep=\skip66
\fb@frw=\dimen311
\fb@frh=\dimen312
\FrameRule=\dimen313
\FrameSep=\dimen314
)
\c@exercice=\count341
 (KO_atelier_visu.aux)
\openout1 = `KO_atelier_visu.aux'.

LaTeX Font Info:    Checking defaults for OML/cmm/m/it on input line 34.
LaTeX Font Info:    ... okay on input line 34.
LaTeX Font Info:    Checking defaults for OMS/cmsy/m/n on input line 34.
LaTeX Font Info:    ... okay on input line 34.
LaTeX Font Info:    Checking defaults for OT1/cmr/m/n on input line 34.
LaTeX Font Info:    ... okay on input line 34.
LaTeX Font Info:    Checking defaults for T1/cmr/m/n on input line 34.
LaTeX Font Info:    ... okay on input line 34.
LaTeX Font Info:    Checking defaults for TS1/cmr/m/n on input line 34.
LaTeX Font Info:    ... okay on input line 34.
LaTeX Font Info:    Checking defaults for OMX/cmex/m/n on input line 34.
LaTeX Font Info:    ... okay on input line 34.
LaTeX Font Info:    Checking defaults for U/cmr/m/n on input line 34.
LaTeX Font Info:    ... okay on input line 34.
LaTeX Font Info:    Checking defaults for PD1/pdf/m/n on input line 34.
LaTeX Font Info:    ... okay on input line 34.

*geometry* driver: auto-detecting
*geometry* detected driver: pdftex
*geometry* verbose mode - [ preamble ] result:
* driver: pdftex
* paper: custom
* layout: <same size as paper>
* layoutoffset:(h,v)=(0.0pt,0.0pt)
* modes: includehead includefoot 
* h-part:(L,W,R)=(28.45274pt, 307.28987pt, 28.45274pt)
* v-part:(T,H,B)=(0.0pt, 273.14662pt, 0.0pt)
* \paperwidth=364.19536pt
* \paperheight=273.14662pt
* \textwidth=307.28987pt
* \textheight=244.6939pt
* \oddsidemargin=-43.81725pt
* \evensidemargin=-43.81725pt
* \topmargin=-72.26999pt
* \headheight=14.22636pt
* \headsep=0.0pt
* \topskip=11.0pt
* \footskip=14.22636pt
* \marginparwidth=4.0pt
* \marginparsep=10.0pt
* \columnsep=10.0pt
* \skip\footins=10.0pt plus 4.0pt minus 2.0pt
* \hoffset=0.0pt
* \voffset=0.0pt
* \mag=1000
* \@twocolumnfalse
* \@twosidefalse
* \@mparswitchfalse
* \@reversemarginfalse
* (1in=72.27pt=25.4mm, 1cm=28.453pt)


("C:\Users\nicolas.bourgeois\AppData\Local\Programs\MiKTeX 2.9\tex/context/base
/mkii\supp-pdf.mkii"
[Loading MPS to PDF converter (version 2006.09.02).]
\scratchcounter=\count342
\scratchdimen=\dimen315
\scratchbox=\box81
\nofMPsegments=\count343
\nofMParguments=\count344
\everyMPshowfont=\toks51
\MPscratchCnt=\count345
\MPscratchDim=\dimen316
\MPnumerator=\count346
\makeMPintoPDFobject=\count347
\everyMPtoPDFconversion=\toks52
)
("C:\Users\nicolas.bourgeois\AppData\Local\Programs\MiKTeX 2.9\tex/latex/epstop
df-pkg\epstopdf-base.sty"
Package: epstopdf-base 2020-01-24 v2.11 Base part for package epstopdf
Package epstopdf-base Info: Redefining graphics rule for `.eps' on input line 4
85.
) ABD: EveryShipout initializing macros
\AtBeginShipoutBox=\box82
Package hyperref Info: Link coloring OFF on input line 34.

("C:\Users\nicolas.bourgeois\AppData\Local\Programs\MiKTeX 2.9\tex/latex/hyperr
ef\nameref.sty"
Package: nameref 2019/09/16 v2.46 Cross-referencing by name of section

("C:\Users\nicolas.bourgeois\AppData\Local\Programs\MiKTeX 2.9\tex/latex/refcou
nt\refcount.sty"
Package: refcount 2019/12/15 v3.6 Data extraction from label references (HO)
)
("C:\Users\nicolas.bourgeois\AppData\Local\Programs\MiKTeX 2.9\tex/generic/gett
itlestring\gettitlestring.sty"
Package: gettitlestring 2019/12/15 v1.6 Cleanup title references (HO)
)
\c@section@level=\count348
)
LaTeX Info: Redefining \ref on input line 34.
LaTeX Info: Redefining \pageref on input line 34.
LaTeX Info: Redefining \nameref on input line 34.
 (KO_atelier_visu.out) (KO_atelier_visu.out)
\@outlinefile=\write5
\openout5 = `KO_atelier_visu.out'.

LaTeX Font Info:    Overwriting symbol font `operators' in version `normal'
(Font)                  OT1/cmr/m/n --> OT1/cmss/m/n on input line 34.
LaTeX Font Info:    Overwriting symbol font `operators' in version `bold'
(Font)                  OT1/cmr/bx/n --> OT1/cmss/b/n on input line 34.
\symnumbers=\mathgroup6
\sympureletters=\mathgroup7
LaTeX Font Info:    Overwriting math alphabet `\mathrm' in version `normal'
(Font)                  OT1/cmss/m/n --> T1/cmr/m/n on input line 34.
LaTeX Font Info:    Redeclaring math alphabet \mathbf on input line 34.
LaTeX Font Info:    Overwriting math alphabet `\mathbf' in version `normal'
(Font)                  OT1/cmr/bx/n --> T1/phv/b/n on input line 34.
LaTeX Font Info:    Overwriting math alphabet `\mathbf' in version `bold'
(Font)                  OT1/cmr/bx/n --> T1/phv/b/n on input line 34.
LaTeX Font Info:    Redeclaring math alphabet \mathsf on input line 34.
LaTeX Font Info:    Overwriting math alphabet `\mathsf' in version `normal'
(Font)                  OT1/cmss/m/n --> T1/phv/m/n on input line 34.
LaTeX Font Info:    Overwriting math alphabet `\mathsf' in version `bold'
(Font)                  OT1/cmss/bx/n --> T1/phv/m/n on input line 34.
LaTeX Font Info:    Redeclaring math alphabet \mathit on input line 34.
LaTeX Font Info:    Overwriting math alphabet `\mathit' in version `normal'
(Font)                  OT1/cmr/m/it --> T1/phv/m/it on input line 34.
LaTeX Font Info:    Overwriting math alphabet `\mathit' in version `bold'
(Font)                  OT1/cmr/bx/it --> T1/phv/m/it on input line 34.
LaTeX Font Info:    Redeclaring math alphabet \mathtt on input line 34.
LaTeX Font Info:    Overwriting math alphabet `\mathtt' in version `normal'
(Font)                  OT1/cmtt/m/n --> T1/cmtt/m/n on input line 34.
LaTeX Font Info:    Overwriting math alphabet `\mathtt' in version `bold'
(Font)                  OT1/cmtt/m/n --> T1/cmtt/m/n on input line 34.
LaTeX Font Info:    Overwriting symbol font `numbers' in version `bold'
(Font)                  T1/phv/m/n --> T1/phv/b/n on input line 34.
LaTeX Font Info:    Overwriting symbol font `pureletters' in version `bold'
(Font)                  T1/phv/m/it --> T1/phv/b/it on input line 34.
LaTeX Font Info:    Overwriting math alphabet `\mathrm' in version `bold'
(Font)                  OT1/cmss/b/n --> T1/cmr/b/n on input line 34.
LaTeX Font Info:    Overwriting math alphabet `\mathbf' in version `bold'
(Font)                  T1/phv/b/n --> T1/phv/b/n on input line 34.
LaTeX Font Info:    Overwriting math alphabet `\mathsf' in version `bold'
(Font)                  T1/phv/m/n --> T1/phv/b/n on input line 34.
LaTeX Font Info:    Overwriting math alphabet `\mathit' in version `bold'
(Font)                  T1/phv/m/it --> T1/phv/b/it on input line 34.
LaTeX Font Info:    Overwriting math alphabet `\mathtt' in version `bold'
(Font)                  T1/cmtt/m/n --> T1/cmtt/b/n on input line 34.

("C:\Users\nicolas.bourgeois\AppData\Local\Programs\MiKTeX 2.9\tex/latex/transl
ator\translator-basic-dictionary-English.dict"
Dictionary: translator-basic-dictionary, Language: English 
)
("C:\Users\nicolas.bourgeois\AppData\Local\Programs\MiKTeX 2.9\tex/latex/transl
ator\translator-bibliography-dictionary-English.dict"
Dictionary: translator-bibliography-dictionary, Language: English 
)
("C:\Users\nicolas.bourgeois\AppData\Local\Programs\MiKTeX 2.9\tex/latex/transl
ator\translator-environment-dictionary-English.dict"
Dictionary: translator-environment-dictionary, Language: English 
)
("C:\Users\nicolas.bourgeois\AppData\Local\Programs\MiKTeX 2.9\tex/latex/transl
ator\translator-months-dictionary-English.dict"
Dictionary: translator-months-dictionary, Language: English 
)
("C:\Users\nicolas.bourgeois\AppData\Local\Programs\MiKTeX 2.9\tex/latex/transl
ator\translator-numbers-dictionary-English.dict"
Dictionary: translator-numbers-dictionary, Language: English 
)
("C:\Users\nicolas.bourgeois\AppData\Local\Programs\MiKTeX 2.9\tex/latex/transl
ator\translator-theorem-dictionary-English.dict"
Dictionary: translator-theorem-dictionary, Language: English 
)
LaTeX Info: Redefining \degres on input line 34.
LaTeX Info: Redefining \dots on input line 34.
LaTeX Info: Redefining \up on input line 34.
Package caption Info: Begin \AtBeginDocument code.
Package caption Info: End \AtBeginDocument code.
 (KO_atelier_visu.nav)
[1{C:/Users/nicolas.bourgeois/AppData/Local/MiKTeX/2.9/pdftex/config/pdftex.map
}

]
<../img/golem2.png, id=43, 818.257pt x 225.643pt>
File: ../img/golem2.png Graphic file (type png)
<use ../img/golem2.png>
Package pdftex.def Info: ../img/golem2.png  used on input line 45.
(pdftex.def)             Requested size: 327.29701pt x 90.25558pt.

Overfull \hbox (20.00714pt too wide) in paragraph at lines 45--45
[][]  
 []

[2

 <../img/golem2.png>]
<../img/A1ranking.png, id=53, 1169.36874pt x 635.37375pt>
File: ../img/A1ranking.png Graphic file (type png)
<use ../img/A1ranking.png>
Package pdftex.def Info: ../img/A1ranking.png  used on input line 50.
(pdftex.def)             Requested size: 292.34146pt x 158.84305pt.
 [3

 <../img/A1ranking.png>]
<../img/A2targeting.png, id=62, 1525.7pt x 885.3075pt>
File: ../img/A2targeting.png Graphic file (type png)
<use ../img/A2targeting.png>
Package pdftex.def Info: ../img/A2targeting.png  used on input line 56.
(pdftex.def)             Requested size: 305.1346pt x 177.05835pt.
 [4

 <../img/A2targeting.png>]
<../img/jo33.jpg, id=71, 531.1845pt x 470.4777pt>
File: ../img/jo33.jpg Graphic file (type jpg)
<use ../img/jo33.jpg>
Package pdftex.def Info: ../img/jo33.jpg  used on input line 67.
(pdftex.def)             Requested size: 312.99086pt x 277.22049pt.

Overfull \hbox (5.70099pt too wide) in paragraph at lines 67--67
[][]  
 []


Overfull \vbox (166.47539pt too high) detected at line 67
 []

[5

 <../img/jo33.jpg>]
<../img/A3tnl.png, id=79, 1035.87pt x 749.80125pt>
File: ../img/A3tnl.png Graphic file (type png)
<use ../img/A3tnl.png>
Package pdftex.def Info: ../img/A3tnl.png  used on input line 74.
(pdftex.def)             Requested size: 310.7634pt x 224.94211pt.

Overfull \hbox (3.47353pt too wide) in paragraph at lines 74--74
[][]  
 []


Overfull \vbox (15.0384pt too high) detected at line 74
 []

[6

 <../img/A3tnl.png>]
<../img/A6topicrecognition.png, id=88, 745.78625pt x 474.77374pt>
File: ../img/A6topicrecognition.png Graphic file (type png)
<use ../img/A6topicrecognition.png>
Package pdftex.def Info: ../img/A6topicrecognition.png  used on input line 80.
(pdftex.def)             Requested size: 261.0291pt x 166.1733pt.
 [7

 <../img/A6topicrecognition.png>]
<../img/sankey.png, id=98, 702.625pt x 501.875pt>
File: ../img/sankey.png Graphic file (type png)
<use ../img/sankey.png>
Package pdftex.def Info: ../img/sankey.png  used on input line 90.
(pdftex.def)             Requested size: 281.04501pt x 200.74643pt.
 [8

 <../img/sankey.png>]
<../img/poker_tree.png, id=107, 903.375pt x 555.07375pt>
File: ../img/poker_tree.png Graphic file (type png)
<use ../img/poker_tree.png>
Package pdftex.def Info: ../img/poker_tree.png  used on input line 96.
(pdftex.def)             Requested size: 271.01459pt x 166.52339pt.
 [9

 <../img/poker_tree.png>]
<../img/ecolenation.jpg, id=116, 585.387pt x 429.7656pt>
File: ../img/ecolenation.jpg Graphic file (type jpg)
<use ../img/ecolenation.jpg>
Package pdftex.def Info: ../img/ecolenation.jpg  used on input line 102.
(pdftex.def)             Requested size: 234.15065pt x 171.90318pt.
 [10

 <../img/ecolenation.jpg>]
<../img/som_2.png, id=124, 681.5061pt x 682.9515pt>
File: ../img/som_2.png Graphic file (type png)
<use ../img/som_2.png>
Package pdftex.def Info: ../img/som_2.png  used on input line 108.
(pdftex.def)             Requested size: 272.59761pt x 273.17575pt.

Overfull \vbox (71.27205pt too high) detected at line 108
 []

[11

 <../img/som_2.png>]
<../img/twitch.png, id=133, 261.6174pt x 141.8901pt>
File: ../img/twitch.png Graphic file (type png)
<use ../img/twitch.png>
Package pdftex.def Info: ../img/twitch.png  used on input line 114.
(pdftex.def)             Requested size: 261.61674pt x 141.88974pt.
 [12

 <../img/twitch.png>]
<../img/signalAD.png, id=142, 875.1897pt x 590.4459pt>
File: ../img/signalAD.png Graphic file (type png)
<use ../img/signalAD.png>
Package pdftex.def Info: ../img/signalAD.png  used on input line 120.
(pdftex.def)             Requested size: 262.55893pt x 177.13513pt.
 [13

 <../img/signalAD.png>]
LaTeX Font Info:    Trying to load font information for U+msa on input line 136
.

("C:\Users\nicolas.bourgeois\AppData\Local\Programs\MiKTeX 2.9\tex/latex/amsfon
ts\umsa.fd"
File: umsa.fd 2013/01/14 v3.01 AMS symbols A
)
LaTeX Font Info:    Trying to load font information for U+msb on input line 136
.

("C:\Users\nicolas.bourgeois\AppData\Local\Programs\MiKTeX 2.9\tex/latex/amsfon
ts\umsb.fd"
File: umsb.fd 2013/01/14 v3.01 AMS symbols B
)
LaTeX Font Info:    Font shape `T1/phv/m/it' in size <10.95> not available
(Font)              Font shape `T1/phv/m/sl' tried instead on input line 136.
LaTeX Font Info:    Font shape `T1/phv/m/it' in size <8> not available
(Font)              Font shape `T1/phv/m/sl' tried instead on input line 136.
LaTeX Font Info:    Font shape `T1/phv/m/it' in size <6> not available
(Font)              Font shape `T1/phv/m/sl' tried instead on input line 136.

Underfull \hbox (badness 10000) in paragraph at lines 136--136
[]|\T1/phv/b/n/10.95 Qute \T1/phv/m/n/10.95 (mis-sion, r-com-
 []


Underfull \hbox (badness 1629) in paragraph at lines 136--136
\T1/phv/m/n/10.95 pense, chasse, verbes lis
 []


Underfull \hbox (badness 10000) in paragraph at lines 136--136
[]|\T1/phv/b/n/10.95 Socit et col-lec-ti-vi-ts
 []


Underfull \hbox (badness 10000) in paragraph at lines 136--136
\T1/phv/m/n/10.95 (fa-mille, re-li-gion, po-li-tique,
 []


Overfull \vbox (25.23927pt too high) detected at line 136
 []

[14

]
<../img/echanges_bourgogne.png, id=160, 1230.09563pt x 674.52pt>
File: ../img/echanges_bourgogne.png Graphic file (type png)
<use ../img/echanges_bourgogne.png>
Package pdftex.def Info: ../img/echanges_bourgogne.png  used on input line 142.

(pdftex.def)             Requested size: 307.52315pt x 168.62958pt.

Overfull \hbox (0.23328pt too wide) in paragraph at lines 142--142
[][]  
 []

[15

 <../img/echanges_bourgogne.png>]
<../img/carte_cordis.png, id=169, 280.4076pt x 203.0787pt>
File: ../img/carte_cordis.png Graphic file (type png)
<use ../img/carte_cordis.png>
Package pdftex.def Info: ../img/carte_cordis.png  used on input line 148.
(pdftex.def)             Requested size: 224.32637pt x 162.46318pt.
 [16

 <../img/carte_cordis.png>]
<../img/roc_rawmat_3alg.png, id=178, 405.4347pt x 322.3242pt>
File: ../img/roc_rawmat_3alg.png Graphic file (type png)
<use ../img/roc_rawmat_3alg.png>
Package pdftex.def Info: ../img/roc_rawmat_3alg.png  used on input line 154.
(pdftex.def)             Requested size: 243.26268pt x 193.39601pt.
 [17

 <../img/roc_rawmat_3alg.png>]
\tf@nav=\write6
\openout6 = `KO_atelier_visu.nav'.

\tf@toc=\write7
\openout7 = `KO_atelier_visu.toc'.

\tf@snm=\write8
\openout8 = `KO_atelier_visu.snm'.

Package atveryend Info: Empty hook `BeforeClearDocument' on input line 158.
Package atveryend Info: Empty hook `AfterLastShipout' on input line 158.
 (KO_atelier_visu.aux)
Package atveryend Info: Executing hook `AtVeryEndDocument' on input line 158.
Package atveryend Info: Executing hook `AtEndAfterFileList' on input line 158.
Package rerunfilecheck Info: File `KO_atelier_visu.out' has not changed.
(rerunfilecheck)             Checksum: 42CB6C827C485C758937EF26430A4CD9;111.
 ) 
Here is how much of TeX's memory you used:
 25261 strings out of 481165
 511466 string characters out of 2896295
 769083 words of memory out of 3000000
 40238 multiletter control sequences out of 15000+200000
 564576 words of font info for 64 fonts, out of 3000000 for 9000
 1141 hyphenation exceptions out of 8191
 81i,14n,70p,809b,486s stack positions out of 5000i,500n,10000p,200000b,50000s
{C:/Users/nicolas.bourgeois/AppData/Local/Programs/MiKTeX 2.9/fonts/enc/dvips
/base/8r.enc}<C:/Users/nicolas.bourgeois/AppData/Local/Programs/MiKTeX 2.9/font
s/type1/urw/helvetic/uhvb8a.pfb><C:/Users/nicolas.bourgeois/AppData/Local/Progr
ams/MiKTeX 2.9/fonts/type1/urw/helvetic/uhvr8a.pfb><C:/Users/nicolas.bourgeois/
AppData/Local/Programs/MiKTeX 2.9/fonts/type1/urw/helvetic/uhvro8a.pfb>
Output written on KO_atelier_visu.pdf (17 pages, 3629559 bytes).
PDF statistics:
 210 PDF objects out of 1000 (max. 8388607)
 37 named destinations out of 1000 (max. 500000)
 170 words of extra memory for PDF output out of 10000 (max. 10000000)

